<?xml version="1.0" encoding="UTF-8"?>
<!-- Generated by org.testng.reporters.JUnitXMLReporter -->
<testsuite ignored="0" hostname="DESKTOP-TL95184" failures="0" tests="51" name="Default test" time="0.327" errors="0" timestamp="02 Apr 2024 06:30:43 GMT">
  <testcase classname="com.logical.AllJavaPrograms" name="reversethegivenString" time="0.015"/>
  <testcase classname="com.logical.AllJavaPrograms" name="reversethegivenString2" time="0.001"/>
  <testcase classname="com.logical.AllJavaPrograms" name="swappingTheGivenString" time="0.004"/>
  <testcase classname="com.logical.AllJavaPrograms" name="reverseEachWord" time="0.004"/>
  <testcase classname="com.logical.AllJavaPrograms" name="getTheSpecificCharacterAndRepeatedTimes" time="0.009"/>
  <testcase classname="com.logical.AllJavaPrograms" name="reverseTheGivenNumber" time="0.003"/>
  <testcase classname="com.logical.AllJavaPrograms" name="checkGivenStringIsPalindrom" time="0.001"/>
  <testcase classname="com.logical.AllJavaPrograms" name="swapTwostringWithout3rdString" time="0.001"/>
  <testcase classname="com.logical.AllJavaPrograms" name="swapTwostringWith3rdString" time="0.002"/>
  <testcase classname="com.logical.AllJavaPrograms" name="getTheSpecificCharacter" time="0.006"/>
  <testcase classname="com.logical.AllJavaPrograms" name="removeMidleSpaceinString" time="0.002"/>
  <testcase classname="com.logical.AllJavaPrograms" name="removeNullValuesinMap" time="0.002"/>
  <testcase classname="com.logical.AllJavaPrograms" name="removeAllExceptAlphabetsinString" time="0.002"/>
  <testcase classname="com.logical.AllJavaPrograms" name="removeAllExceptNumericsinString" time="0.006"/>
  <testcase classname="com.logical.AllJavaPrograms" name="removeSingleCharacterFromString" time="0.001"/>
  <testcase classname="com.logical.AllJavaPrograms" name="remove1standLastCharacter" time="0.005"/>
  <testcase classname="com.logical.AllJavaPrograms" name="remove1stand5thCharacter" time="0.001"/>
  <testcase classname="com.logical.AllJavaPrograms" name="removeSpacesandRemove1standlastCharacter" time="0.001"/>
  <testcase classname="com.logical.AllJavaPrograms" name="getASingleCharacterinString" time="0.002"/>
  <testcase classname="com.logical.AllJavaPrograms" name="getTheDuplicateCharacters" time="0.003"/>
  <testcase classname="com.logical.AllJavaPrograms" name="removeDuplicatesInString" time="0.004"/>
  <testcase classname="com.logical.AllJavaPrograms" name="getMaximumRepetedCharInString" time="0.001"/>
  <testcase classname="com.logical.AllJavaPrograms" name="getMinimumRepetedCharInString" time="0.002"/>
  <testcase classname="com.logical.AllJavaPrograms" name="getVowelsFromTheString" time="0.001"/>
  <testcase classname="com.logical.AllJavaPrograms" name="findtheOccurancecountsofindividualcharacter" time="0.003"/>
  <testcase classname="com.logical.AllJavaPrograms" name="findtheOccurancecountsofCasesInString" time="0.003"/>
  <testcase classname="com.logical.AllJavaPrograms" name="convertListToArray" time="0.001"/>
  <testcase classname="com.logical.AllJavaPrograms" name="removeDuplicatesFromArray" time="0.002"/>
  <testcase classname="com.logical.AllJavaPrograms" name="removeSpecificValueFromArray" time="0.002"/>
  <testcase classname="com.logical.AllJavaPrograms" name="removeSpecificIndexValueFromArray" time="0.001"/>
  <testcase classname="com.logical.AllJavaPrograms" name="findMaximumAndMinimumNumber" time="0.001"/>
  <testcase classname="com.logical.AllJavaPrograms" name="findMaximumNumber" time="0.001"/>
  <testcase classname="com.logical.AllJavaPrograms" name="find2ndMaximumNumber" time="0.001"/>
  <testcase classname="com.logical.AllJavaPrograms" name="findMinimumNumber" time="0.002"/>
  <testcase classname="com.logical.AllJavaPrograms" name="find2ndMinimumNumber" time="0.009"/>
  <testcase classname="com.logical.AllJavaPrograms" name="findOddEvenNumbers" time="0.003"/>
  <testcase classname="com.logical.AllJavaPrograms" name="findOddEvenNumbersfrom1to10" time="0.004"/>
  <testcase classname="com.logical.AllJavaPrograms" name="findOddEvenNumbersAndItsCount" time="0.002"/>
  <testcase classname="com.logical.AllJavaPrograms" name="sumofOddEvenNumbers" time="0.001"/>
  <testcase classname="com.logical.AllJavaPrograms" name="swappingOf2Numberswith3rdvariable" time="0.001"/>
  <testcase classname="com.logical.AllJavaPrograms" name="swappingOf2Numberswithout3rdvariable" time="0.001"/>
  <testcase classname="com.logical.AllJavaPrograms" name="factorialNUmber" time="0.002"/>
  <testcase classname="com.logical.AllJavaPrograms" name="findFibonacciSeriesUpto5" time="0.002"/>
  <testcase classname="com.logical.AllJavaPrograms" name="reverseTheGivenNumber1" time="0.001"/>
  <testcase classname="com.logical.AllJavaPrograms" name="sumOfGivenNumber" time="0.003"/>
  <testcase classname="com.logical.AllJavaPrograms" name="productOfGivenNumber" time="0.002"/>
  <testcase classname="com.logical.AllJavaPrograms" name="findTheDigitsofGivenNumber" time="0.004"/>
  <testcase classname="com.logical.AllJavaPrograms" name="NumberBetween1to50" time="0.003"/>
  <testcase classname="com.logical.AllJavaPrograms" name="findPalindromeNumber" time="0.001"/>
  <testcase classname="com.logical.AllJavaPrograms" name="checkGivenNumberisAmstrongNumberorNot" time="0.001"/>
  <testcase classname="com.logical.AllJavaPrograms" name="sortGivenInteger" time="0.001"/>
</testsuite> <!-- Default test -->
